<?xml version="1.0" encoding="UTF-8"?>
<testng-results total="1" passed="1" failed="0" skipped="0">
  <reporter-output>
    <line>
      <![CDATA[login]]>
    </line>
    <line>
      <![CDATA[entered]]>
    </line>
    <line>
      <![CDATA[exit]]>
    </line>
    <line>
      <![CDATA[logout]]>
    </line>
  </reporter-output>
  <suite started-at="2023-03-13T13:59:00Z" name="Default suite" finished-at="2023-03-13T14:00:02Z" duration-ms="61525">
    <groups>
    </groups>
    <test started-at="2023-03-13T13:59:00Z" name="Default test" finished-at="2023-03-13T14:00:02Z" duration-ms="61525">
      <class name="TestScripts.TC002">
        <test-method signature="tc002()[pri:0, instance:TestScripts.TC002@1984b1f]" started-at="2023-03-13T19:29:00Z" name="tc002" finished-at="2023-03-13T19:30:01Z" duration-ms="61455" status="PASS">
          <reporter-output>
            <line>
              <![CDATA[login]]>
            </line>
            <line>
              <![CDATA[entered]]>
            </line>
            <line>
              <![CDATA[exit]]>
            </line>
            <line>
              <![CDATA[logout]]>
            </line>
          </reporter-output>
        </test-method> <!-- tc002 -->
      </class> <!-- TestScripts.TC002 -->
    </test> <!-- Default test -->
  </suite> <!-- Default suite -->
</testng-results>
