<?xml version="1.0" encoding="UTF-8"?>
<testng-results total="1" passed="1" failed="0" skipped="0">
  <reporter-output>
  </reporter-output>
  <suite started-at="2023-03-27T11:55:56Z" name="Default suite" finished-at="2023-03-27T11:57:08Z" duration-ms="72717">
    <groups>
    </groups>
    <test started-at="2023-03-27T11:55:56Z" name="Default test" finished-at="2023-03-27T11:57:08Z" duration-ms="72717">
      <class name="TestScripts.C0001">
        <test-method is-config="true" signature="open()[pri:0, instance:TestScripts.C0001@21337f7b]" started-at="2023-03-27T17:25:56Z" name="open" finished-at="2023-03-27T17:26:44Z" duration-ms="48320" status="PASS">
          <reporter-output>
          </reporter-output>
        </test-method> <!-- open -->
        <test-method signature="c0001()[pri:0, instance:TestScripts.C0001@21337f7b]" started-at="2023-03-27T17:26:44Z" name="c0001" finished-at="2023-03-27T17:27:07Z" duration-ms="22688" status="PASS">
          <reporter-output>
          </reporter-output>
        </test-method> <!-- c0001 -->
        <test-method is-config="true" signature="feilds()[pri:0, instance:TestScripts.C0001@21337f7b]" started-at="2023-03-27T17:27:07Z" name="feilds" finished-at="2023-03-27T17:27:08Z" duration-ms="1647" status="PASS">
          <reporter-output>
          </reporter-output>
        </test-method> <!-- feilds -->
      </class> <!-- TestScripts.C0001 -->
    </test> <!-- Default test -->
  </suite> <!-- Default suite -->
</testng-results>
